<?xml version="1.0" encoding="UTF-8"?>
<coverage generated="1715974479283" clover="3.2.0">
  <project timestamp="1715974479283" name="All files">
    <metrics statements="60" coveredstatements="50" conditionals="1" coveredconditionals="1" methods="25" coveredmethods="22" elements="86" coveredelements="73" complexity="0" loc="60" ncloc="60" packages="4" files="5" classes="5"/>
    <package name="__tests.mocks">
      <metrics statements="25" coveredstatements="25" conditionals="0" coveredconditionals="0" methods="11" coveredmethods="11"/>
      <file name="MockProdutoDoPedidoGateway.ts" path="/Users/miltonjunior/Documents/GitHub/restaurante-34-pedidos/src/__tests/mocks/MockProdutoDoPedidoGateway.ts">
        <metrics statements="13" coveredstatements="13" conditionals="0" coveredconditionals="0" methods="6" coveredmethods="6"/>
        <line num="1" count="1" type="stmt"/>
        <line num="4" count="1" type="stmt"/>
        <line num="7" count="1" type="stmt"/>
        <line num="9" count="1" type="stmt"/>
        <line num="10" count="4" type="stmt"/>
        <line num="11" count="4" type="stmt"/>
        <line num="14" count="1" type="stmt"/>
        <line num="15" count="1" type="stmt"/>
        <line num="16" count="1" type="stmt"/>
        <line num="19" count="1" type="stmt"/>
        <line num="20" count="2" type="stmt"/>
        <line num="21" count="2" type="stmt"/>
        <line num="24" count="1" type="stmt"/>
      </file>
      <file name="MockProdutoDoPedidoRepository.ts" path="/Users/miltonjunior/Documents/GitHub/restaurante-34-pedidos/src/__tests/mocks/MockProdutoDoPedidoRepository.ts">
        <metrics statements="12" coveredstatements="12" conditionals="0" coveredconditionals="0" methods="5" coveredmethods="5"/>
        <line num="3" count="3" type="stmt"/>
        <line num="4" count="3" type="stmt"/>
        <line num="7" count="3" type="stmt"/>
        <line num="9" count="3" type="stmt"/>
        <line num="10" count="4" type="stmt"/>
        <line num="12" count="7" type="stmt"/>
        <line num="20" count="4" type="stmt"/>
        <line num="25" count="4" type="stmt"/>
        <line num="29" count="3" type="stmt"/>
        <line num="30" count="6" type="stmt"/>
        <line num="31" count="6" type="stmt"/>
        <line num="39" count="3" type="stmt"/>
      </file>
    </package>
    <package name="enums">
      <metrics statements="6" coveredstatements="6" conditionals="1" coveredconditionals="1" methods="1" coveredmethods="1"/>
      <file name="EnumStatusPedido.ts" path="/Users/miltonjunior/Documents/GitHub/restaurante-34-pedidos/src/enums/EnumStatusPedido.ts">
        <metrics statements="6" coveredstatements="6" conditionals="1" coveredconditionals="1" methods="1" coveredmethods="1"/>
        <line num="1" count="1" type="stmt"/>
        <line num="9" count="5" type="stmt"/>
        <line num="10" count="14" type="cond" truecount="1" falsecount="0"/>
        <line num="11" count="4" type="stmt"/>
        <line num="14" count="1" type="stmt"/>
        <line num="17" count="1" type="stmt"/>
      </file>
    </package>
    <package name="external.repositories">
      <metrics statements="16" coveredstatements="8" conditionals="0" coveredconditionals="0" methods="7" coveredmethods="4"/>
      <file name="ProdutosDoPedidoRepository.ts" path="/Users/miltonjunior/Documents/GitHub/restaurante-34-pedidos/src/external/repositories/ProdutosDoPedidoRepository.ts">
        <metrics statements="16" coveredstatements="8" conditionals="0" coveredconditionals="0" methods="7" coveredmethods="4"/>
        <line num="13" count="3" type="stmt"/>
        <line num="17" count="0" type="stmt"/>
        <line num="18" count="0" type="stmt"/>
        <line num="20" count="0" type="stmt"/>
        <line num="29" count="0" type="stmt"/>
        <line num="31" count="0" type="stmt"/>
        <line num="32" count="0" type="stmt"/>
        <line num="37" count="5" type="stmt"/>
        <line num="38" count="5" type="stmt"/>
        <line num="39" count="5" type="stmt"/>
        <line num="46" count="3" type="stmt"/>
        <line num="48" count="2" type="stmt"/>
        <line num="49" count="2" type="stmt"/>
        <line num="55" count="0" type="stmt"/>
        <line num="60" count="0" type="stmt"/>
        <line num="68" count="3" type="stmt"/>
      </file>
    </package>
    <package name="gateways.produtosDoPedido">
      <metrics statements="13" coveredstatements="11" conditionals="0" coveredconditionals="0" methods="6" coveredmethods="6"/>
      <file name="index.ts" path="/Users/miltonjunior/Documents/GitHub/restaurante-34-pedidos/src/gateways/produtosDoPedido/index.ts">
        <metrics statements="13" coveredstatements="11" conditionals="0" coveredconditionals="0" methods="6" coveredmethods="6"/>
        <line num="5" count="2" type="stmt"/>
        <line num="9" count="2" type="stmt"/>
        <line num="12" count="1" type="stmt"/>
        <line num="13" count="1" type="stmt"/>
        <line num="14" count="1" type="stmt"/>
        <line num="15" count="1" type="stmt"/>
        <line num="17" count="0" type="stmt"/>
        <line num="18" count="0" type="stmt"/>
        <line num="22" count="1" type="stmt"/>
        <line num="24" count="1" type="stmt"/>
        <line num="28" count="1" type="stmt"/>
        <line num="32" count="1" type="stmt"/>
        <line num="36" count="1" type="stmt"/>
      </file>
    </package>
  </project>
</coverage>
