{"/Users/miltonjunior/Documents/GitHub/restaurante-34-pedidos/src/__tests/mocks/MockProdutoDoPedidoGateway.ts": {"path":"/Users/miltonjunior/Documents/GitHub/restaurante-34-pedidos/src/__tests/mocks/MockProdutoDoPedidoGateway.ts","statementMap":{"0":{"start":{"line":1,"column":0},"end":{"line":1,"column":69}},"1":{"start":{"line":4,"column":0},"end":{"line":4,"column":77}},"2":{"start":{"line":7,"column":60},"end":{"line":7,"column":118}},"3":{"start":{"line":9,"column":0},"end":{"line":12,"column":7}},"4":{"start":{"line":10,"column":51},"end":{"line":12,"column":6}},"5":{"start":{"line":11,"column":8},"end":{"line":11,"column":60}},"6":{"start":{"line":14,"column":0},"end":{"line":17,"column":7}},"7":{"start":{"line":15,"column":71},"end":{"line":17,"column":6}},"8":{"start":{"line":16,"column":8},"end":{"line":16,"column":71}},"9":{"start":{"line":19,"column":0},"end":{"line":22,"column":7}},"10":{"start":{"line":20,"column":71},"end":{"line":22,"column":6}},"11":{"start":{"line":21,"column":8},"end":{"line":21,"column":71}},"12":{"start":{"line":24,"column":0},"end":{"line":24,"column":42}}},"fnMap":{"0":{"name":"(anonymous_8)","decl":{"start":{"line":10,"column":24},"end":{"line":10,"column":31}},"loc":{"start":{"line":10,"column":51},"end":{"line":12,"column":6}}},"1":{"name":"(anonymous_9)","decl":{"start":{"line":10,"column":51},"end":{"line":10,"column":null}},"loc":{"start":{"line":10,"column":51},"end":{"line":12,"column":5}}},"2":{"name":"(anonymous_10)","decl":{"start":{"line":15,"column":24},"end":{"line":15,"column":31}},"loc":{"start":{"line":15,"column":71},"end":{"line":17,"column":6}}},"3":{"name":"(anonymous_11)","decl":{"start":{"line":15,"column":71},"end":{"line":15,"column":null}},"loc":{"start":{"line":15,"column":71},"end":{"line":17,"column":5}}},"4":{"name":"(anonymous_12)","decl":{"start":{"line":20,"column":24},"end":{"line":20,"column":31}},"loc":{"start":{"line":20,"column":71},"end":{"line":22,"column":6}}},"5":{"name":"(anonymous_13)","decl":{"start":{"line":20,"column":71},"end":{"line":20,"column":null}},"loc":{"start":{"line":20,"column":71},"end":{"line":22,"column":5}}}},"branchMap":{},"s":{"0":1,"1":1,"2":1,"3":1,"4":4,"5":4,"6":1,"7":1,"8":1,"9":1,"10":2,"11":2,"12":1},"f":{"0":4,"1":4,"2":1,"3":1,"4":2,"5":2},"b":{}}
,"/Users/miltonjunior/Documents/GitHub/restaurante-34-pedidos/src/__tests/mocks/MockProdutoDoPedidoRepository.ts": {"path":"/Users/miltonjunior/Documents/GitHub/restaurante-34-pedidos/src/__tests/mocks/MockProdutoDoPedidoRepository.ts","statementMap":{"0":{"start":{"line":3,"column":0},"end":{"line":3,"column":39}},"1":{"start":{"line":4,"column":0},"end":{"line":4,"column":92}},"2":{"start":{"line":7,"column":68},"end":{"line":7,"column":106}},"3":{"start":{"line":9,"column":0},"end":{"line":26,"column":7}},"4":{"start":{"line":10,"column":71},"end":{"line":26,"column":6}},"5":{"start":{"line":12,"column":37},"end":{"line":17,"column":11}},"6":{"start":{"line":12,"column":78},"end":{"line":17,"column":10}},"7":{"start":{"line":20,"column":40},"end":{"line":22,"column":10}},"8":{"start":{"line":25,"column":8},"end":{"line":25,"column":39}},"9":{"start":{"line":29,"column":0},"end":{"line":36,"column":7}},"10":{"start":{"line":30,"column":51},"end":{"line":36,"column":6}},"11":{"start":{"line":31,"column":8},"end":{"line":35,"column":11}},"12":{"start":{"line":39,"column":0},"end":{"line":39,"column":46}}},"fnMap":{"0":{"name":"(anonymous_8)","decl":{"start":{"line":10,"column":24},"end":{"line":10,"column":31}},"loc":{"start":{"line":10,"column":71},"end":{"line":26,"column":6}}},"1":{"name":"(anonymous_9)","decl":{"start":{"line":10,"column":71},"end":{"line":10,"column":null}},"loc":{"start":{"line":10,"column":71},"end":{"line":26,"column":5}}},"2":{"name":"(anonymous_10)","decl":{"start":{"line":12,"column":58},"end":{"line":12,"column":73}},"loc":{"start":{"line":12,"column":78},"end":{"line":17,"column":10}}},"3":{"name":"(anonymous_11)","decl":{"start":{"line":30,"column":24},"end":{"line":30,"column":31}},"loc":{"start":{"line":30,"column":51},"end":{"line":36,"column":6}}},"4":{"name":"(anonymous_12)","decl":{"start":{"line":30,"column":51},"end":{"line":30,"column":null}},"loc":{"start":{"line":30,"column":51},"end":{"line":36,"column":5}}}},"branchMap":{},"s":{"0":3,"1":3,"2":3,"3":3,"4":4,"5":4,"6":7,"7":4,"8":4,"9":3,"10":6,"11":6,"12":3},"f":{"0":4,"1":4,"2":7,"3":6,"4":6},"b":{}}
,"/Users/miltonjunior/Documents/GitHub/restaurante-34-pedidos/src/enums/EnumStatusPedido.ts": {"path":"/Users/miltonjunior/Documents/GitHub/restaurante-34-pedidos/src/enums/EnumStatusPedido.ts","statementMap":{"0":{"start":{"line":1,"column":49},"end":{"line":6,"column":2}},"1":{"start":{"line":17,"column":9},"end":{"line":17,"column":25}},"2":{"start":{"line":9,"column":4},"end":{"line":13,"column":5}},"3":{"start":{"line":10,"column":8},"end":{"line":12,"column":9}},"4":{"start":{"line":11,"column":12},"end":{"line":11,"column":54}},"5":{"start":{"line":14,"column":4},"end":{"line":14,"column":21}},"6":{"start":{"line":17,"column":27},"end":{"line":17,"column":51}}},"fnMap":{"0":{"name":"getDescricaoStatusPedido","decl":{"start":{"line":8,"column":9},"end":{"line":8,"column":33}},"loc":{"start":{"line":8,"column":48},"end":{"line":15,"column":1}}}},"branchMap":{"0":{"loc":{"start":{"line":10,"column":8},"end":{"line":12,"column":9}},"type":"if","locations":[{"start":{"line":10,"column":8},"end":{"line":12,"column":9}}]}},"s":{"0":1,"1":1,"2":5,"3":14,"4":4,"5":1,"6":1},"f":{"0":5},"b":{"0":[4]}}
,"/Users/miltonjunior/Documents/GitHub/restaurante-34-pedidos/src/external/repositories/ProdutosDoPedidoRepository.ts": {"path":"/Users/miltonjunior/Documents/GitHub/restaurante-34-pedidos/src/external/repositories/ProdutosDoPedidoRepository.ts","statementMap":{"0":{"start":{"line":13,"column":8},"end":{"line":13,"column":41}},"1":{"start":{"line":17,"column":8},"end":{"line":33,"column":9}},"2":{"start":{"line":18,"column":29},"end":{"line":27,"column":14}},"3":{"start":{"line":20,"column":20},"end":{"line":25,"column":22}},"4":{"start":{"line":29,"column":12},"end":{"line":29,"column":28}},"5":{"start":{"line":31,"column":12},"end":{"line":31,"column":76}},"6":{"start":{"line":32,"column":12},"end":{"line":32,"column":71}},"7":{"start":{"line":37,"column":8},"end":{"line":50,"column":9}},"8":{"start":{"line":38,"column":29},"end":{"line":45,"column":14}},"9":{"start":{"line":38,"column":84},"end":{"line":45,"column":14}},"10":{"start":{"line":39,"column":16},"end":{"line":44,"column":19}},"11":{"start":{"line":46,"column":12},"end":{"line":46,"column":28}},"12":{"start":{"line":48,"column":12},"end":{"line":48,"column":74}},"13":{"start":{"line":49,"column":12},"end":{"line":49,"column":69}},"14":{"start":{"line":55,"column":29},"end":{"line":59,"column":14}},"15":{"start":{"line":60,"column":12},"end":{"line":60,"column":28}},"16":{"start":{"line":68,"column":0},"end":{"line":68,"column":42}}},"fnMap":{"0":{"name":"(anonymous_7)","decl":{"start":{"line":12,"column":4},"end":{"line":12,"column":16}},"loc":{"start":{"line":12,"column":42},"end":{"line":14,"column":5}}},"1":{"name":"(anonymous_8)","decl":{"start":{"line":16,"column":10},"end":{"line":16,"column":16}},"loc":{"start":{"line":16,"column":53},"end":{"line":34,"column":null}}},"2":{"name":"(anonymous_10)","decl":{"start":{"line":19,"column":43},"end":{"line":19,"column":44}},"loc":{"start":{"line":19,"column":90},"end":{"line":26,"column":17}}},"3":{"name":"(anonymous_11)","decl":{"start":{"line":36,"column":10},"end":{"line":36,"column":16}},"loc":{"start":{"line":36,"column":53},"end":{"line":51,"column":null}}},"4":{"name":"(anonymous_13)","decl":{"start":{"line":38,"column":50},"end":{"line":38,"column":57}},"loc":{"start":{"line":38,"column":84},"end":{"line":45,"column":14}}},"5":{"name":"(anonymous_14)","decl":{"start":{"line":38,"column":84},"end":{"line":38,"column":null}},"loc":{"start":{"line":38,"column":80},"end":{"line":45,"column":13}}},"6":{"name":"(anonymous_15)","decl":{"start":{"line":53,"column":10},"end":{"line":53,"column":13}},"loc":{"start":{"line":53,"column":30},"end":{"line":65,"column":null}}}},"branchMap":{},"s":{"0":3,"1":0,"2":0,"3":0,"4":0,"5":0,"6":0,"7":5,"8":5,"9":5,"10":5,"11":3,"12":2,"13":2,"14":0,"15":0,"16":3},"f":{"0":3,"1":0,"2":0,"3":5,"4":5,"5":5,"6":0},"b":{}}
,"/Users/miltonjunior/Documents/GitHub/restaurante-34-pedidos/src/gateways/produtosDoPedido/index.ts": {"path":"/Users/miltonjunior/Documents/GitHub/restaurante-34-pedidos/src/gateways/produtosDoPedido/index.ts","statementMap":{"0":{"start":{"line":9,"column":8},"end":{"line":9,"column":67}},"1":{"start":{"line":12,"column":8},"end":{"line":19,"column":9}},"2":{"start":{"line":13,"column":33},"end":{"line":13,"column":67}},"3":{"start":{"line":14,"column":12},"end":{"line":14,"column":59}},"4":{"start":{"line":15,"column":12},"end":{"line":15,"column":61}},"5":{"start":{"line":17,"column":12},"end":{"line":17,"column":74}},"6":{"start":{"line":18,"column":12},"end":{"line":18,"column":69}},"7":{"start":{"line":22,"column":29},"end":{"line":22,"column":63}},"8":{"start":{"line":24,"column":8},"end":{"line":24,"column":55}},"9":{"start":{"line":28,"column":8},"end":{"line":28,"column":71}},"10":{"start":{"line":32,"column":8},"end":{"line":32,"column":71}},"11":{"start":{"line":36,"column":8},"end":{"line":36,"column":60}},"12":{"start":{"line":5,"column":0},"end":{"line":5,"column":13}}},"fnMap":{"0":{"name":"(anonymous_7)","decl":{"start":{"line":8,"column":4},"end":{"line":8,"column":16}},"loc":{"start":{"line":8,"column":70},"end":{"line":10,"column":5}}},"1":{"name":"(anonymous_8)","decl":{"start":{"line":11,"column":4},"end":{"line":11,"column":32}},"loc":{"start":{"line":11,"column":69},"end":{"line":20,"column":5}}},"2":{"name":"(anonymous_9)","decl":{"start":{"line":21,"column":4},"end":{"line":21,"column":25}},"loc":{"start":{"line":21,"column":62},"end":{"line":25,"column":5}}},"3":{"name":"(anonymous_10)","decl":{"start":{"line":27,"column":10},"end":{"line":27,"column":32}},"loc":{"start":{"line":27,"column":69},"end":{"line":29,"column":null}}},"4":{"name":"(anonymous_12)","decl":{"start":{"line":31,"column":10},"end":{"line":31,"column":32}},"loc":{"start":{"line":31,"column":69},"end":{"line":33,"column":null}}},"5":{"name":"(anonymous_14)","decl":{"start":{"line":35,"column":10},"end":{"line":35,"column":29}},"loc":{"start":{"line":35,"column":46},"end":{"line":37,"column":null}}}},"branchMap":{},"s":{"0":2,"1":1,"2":1,"3":1,"4":1,"5":0,"6":0,"7":1,"8":1,"9":1,"10":1,"11":1,"12":2},"f":{"0":2,"1":1,"2":1,"3":1,"4":1,"5":1},"b":{}}
}
