TN:
SF:src/__tests/mocks/MockProdutoDoPedidoGateway.ts
FN:10,(anonymous_8)
FN:10,(anonymous_9)
FN:15,(anonymous_10)
FN:15,(anonymous_11)
FN:20,(anonymous_12)
FN:20,(anonymous_13)
FNF:6
FNH:6
FNDA:4,(anonymous_8)
FNDA:4,(anonymous_9)
FNDA:1,(anonymous_10)
FNDA:1,(anonymous_11)
FNDA:2,(anonymous_12)
FNDA:2,(anonymous_13)
DA:1,1
DA:4,1
DA:7,1
DA:9,1
DA:10,4
DA:11,4
DA:14,1
DA:15,1
DA:16,1
DA:19,1
DA:20,2
DA:21,2
DA:24,1
LF:13
LH:13
BRF:0
BRH:0
end_of_record
TN:
SF:src/__tests/mocks/MockProdutoDoPedidoRepository.ts
FN:10,(anonymous_8)
FN:10,(anonymous_9)
FN:12,(anonymous_10)
FN:30,(anonymous_11)
FN:30,(anonymous_12)
FNF:5
FNH:5
FNDA:4,(anonymous_8)
FNDA:4,(anonymous_9)
FNDA:7,(anonymous_10)
FNDA:6,(anonymous_11)
FNDA:6,(anonymous_12)
DA:3,3
DA:4,3
DA:7,3
DA:9,3
DA:10,4
DA:12,7
DA:20,4
DA:25,4
DA:29,3
DA:30,6
DA:31,6
DA:39,3
LF:12
LH:12
BRF:0
BRH:0
end_of_record
TN:
SF:src/enums/EnumStatusPedido.ts
FN:8,getDescricaoStatusPedido
FNF:1
FNH:1
FNDA:5,getDescricaoStatusPedido
DA:1,1
DA:9,5
DA:10,14
DA:11,4
DA:14,1
DA:17,1
LF:6
LH:6
BRDA:10,0,0,4
BRF:1
BRH:1
end_of_record
TN:
SF:src/external/repositories/ProdutosDoPedidoRepository.ts
FN:12,(anonymous_7)
FN:16,(anonymous_8)
FN:19,(anonymous_10)
FN:36,(anonymous_11)
FN:38,(anonymous_13)
FN:38,(anonymous_14)
FN:53,(anonymous_15)
FNF:7
FNH:4
FNDA:3,(anonymous_7)
FNDA:0,(anonymous_8)
FNDA:0,(anonymous_10)
FNDA:5,(anonymous_11)
FNDA:5,(anonymous_13)
FNDA:5,(anonymous_14)
FNDA:0,(anonymous_15)
DA:13,3
DA:17,0
DA:18,0
DA:20,0
DA:29,0
DA:31,0
DA:32,0
DA:37,5
DA:38,5
DA:39,5
DA:46,3
DA:48,2
DA:49,2
DA:55,0
DA:60,0
DA:68,3
LF:16
LH:8
BRF:0
BRH:0
end_of_record
TN:
SF:src/gateways/produtosDoPedido/index.ts
FN:8,(anonymous_7)
FN:11,(anonymous_8)
FN:21,(anonymous_9)
FN:27,(anonymous_10)
FN:31,(anonymous_12)
FN:35,(anonymous_14)
FNF:6
FNH:6
FNDA:2,(anonymous_7)
FNDA:1,(anonymous_8)
FNDA:1,(anonymous_9)
FNDA:1,(anonymous_10)
FNDA:1,(anonymous_12)
FNDA:1,(anonymous_14)
DA:5,2
DA:9,2
DA:12,1
DA:13,1
DA:14,1
DA:15,1
DA:17,0
DA:18,0
DA:22,1
DA:24,1
DA:28,1
DA:32,1
DA:36,1
LF:13
LH:11
BRF:0
BRH:0
end_of_record
